# JRE version: OpenJDK Runtime Environment (8.0_242-b01) (build 1.8.0_242-release-1644-b01)
# Java VM: OpenJDK 64-Bit Server VM (25.242-b01 mixed mode windows-amd64 compressed oops)
Heap:
 PSYoungGen      total 537600K, used 202569K [0x00000000d5580000, 0x00000000fe580000, 0x0000000100000000)
  eden space 456192K, 26% used [0x00000000d5580000,0x00000000dcbd6040,0x00000000f1300000)
  from space 81408K, 99% used [0x00000000f7580000,0x00000000fc4fc788,0x00000000fc500000)
  to   space 100864K, 0% used [0x00000000f1300000,0x00000000f1300000,0x00000000f7580000)
 ParOldGen       total 187392K, used 129282K [0x0000000080000000, 0x000000008b700000, 0x00000000d5580000)
  object space 187392K, 68% used [0x0000000080000000,0x0000000087e40ac8,0x000000008b700000)
 Metaspace       used 100010K, capacity 104884K, committed 105112K, reserved 1140736K
  class space    used 13062K, capacity 13965K, committed 14000K, reserved 1048576K
GC Heap History (10 events):
Event: 1365.051 GC heap before
{Heap before GC invocations=25 (full 5):
 PSYoungGen      total 300032K, used 233942K [0x00000000d5580000, 0x00000000ee180000, 0x0000000100000000)
  eden space 233984K, 99% used [0x00000000d5580000,0x00000000e39f59f8,0x00000000e3a00000)
  from space 66048K, 0% used [0x00000000e3a00000,0x00000000e3a00000,0x00000000e7a80000)
  to   space 61952K, 0% used [0x00000000ea500000,0x00000000ea500000,0x00000000ee180000)
 ParOldGen       total 187392K, used 64022K [0x0000000080000000, 0x000000008b700000, 0x00000000d5580000)
  object space 187392K, 34% used [0x0000000080000000,0x0000000083e85820,0x000000008b700000)
 Metaspace       used 99232K, capacity 103718K, committed 103960K, reserved 1138688K
  class space    used 13003K, capacity 13860K, committed 13872K, reserved 1048576K
Event: 1368.252 GC heap after
Heap after GC invocations=25 (full 5):
 PSYoungGen      total 334336K, used 58500K [0x00000000d5580000, 0x00000000ef700000, 0x0000000100000000)
  eden space 272384K, 0% used [0x00000000d5580000,0x00000000d5580000,0x00000000e5f80000)
  from space 61952K, 94% used [0x00000000ea500000,0x00000000ede21398,0x00000000ee180000)
  to   space 71168K, 0% used [0x00000000e5f80000,0x00000000e5f80000,0x00000000ea500000)
 ParOldGen       total 187392K, used 64030K [0x0000000080000000, 0x000000008b700000, 0x00000000d5580000)
  object space 187392K, 34% used [0x0000000080000000,0x0000000083e87820,0x000000008b700000)
 Metaspace       used 99232K, capacity 103718K, committed 103960K, reserved 1138688K
  class space    used 13003K, capacity 13860K, committed 13872K, reserved 1048576K
}
Event: 1376.404 GC heap before
{Heap before GC invocations=26 (full 5):
 PSYoungGen      total 334336K, used 318687K [0x00000000d5580000, 0x00000000ef700000, 0x0000000100000000)
  eden space 272384K, 95% used [0x00000000d5580000,0x00000000e5396b30,0x00000000e5f80000)
  from space 61952K, 94% used [0x00000000ea500000,0x00000000ede21398,0x00000000ee180000)
  to   space 71168K, 0% used [0x00000000e5f80000,0x00000000e5f80000,0x00000000ea500000)
 ParOldGen       total 187392K, used 64030K [0x0000000080000000, 0x000000008b700000, 0x00000000d5580000)
  object space 187392K, 34% used [0x0000000080000000,0x0000000083e87820,0x000000008b700000)
 Metaspace       used 99259K, capacity 103718K, committed 103960K, reserved 1138688K
  class space    used 13003K, capacity 13860K, committed 13872K, reserved 1048576K
Event: 1379.285 GC heap after
Heap after GC invocations=26 (full 5):
 PSYoungGen      total 343552K, used 61153K [0x00000000d5580000, 0x00000000f5500000, 0x0000000100000000)
  eden space 272384K, 0% used [0x00000000d5580000,0x00000000d5580000,0x00000000e5f80000)
  from space 71168K, 85% used [0x00000000e5f80000,0x00000000e9b38440,0x00000000ea500000)
  to   space 79360K, 0% used [0x00000000f0780000,0x00000000f0780000,0x00000000f5500000)
 ParOldGen       total 187392K, used 109761K [0x0000000080000000, 0x000000008b700000, 0x00000000d5580000)
  object space 187392K, 58% used [0x0000000080000000,0x0000000086b30680,0x000000008b700000)
 Metaspace       used 99259K, capacity 103718K, committed 103960K, reserved 1138688K
  class space    used 13003K, capacity 13860K, committed 13872K, reserved 1048576K
}
Event: 1534.656 GC heap before
{Heap before GC invocations=27 (full 5):
 PSYoungGen      total 343552K, used 333155K [0x00000000d5580000, 0x00000000f5500000, 0x0000000100000000)
  eden space 272384K, 99% used [0x00000000d5580000,0x00000000e5f20800,0x00000000e5f80000)
  from space 71168K, 85% used [0x00000000e5f80000,0x00000000e9b38440,0x00000000ea500000)
  to   space 79360K, 0% used [0x00000000f0780000,0x00000000f0780000,0x00000000f5500000)
 ParOldGen       total 187392K, used 109761K [0x0000000080000000, 0x000000008b700000, 0x00000000d5580000)
  object space 187392K, 58% used [0x0000000080000000,0x0000000086b30680,0x000000008b700000)
 Metaspace       used 99726K, capacity 104446K, committed 104600K, reserved 1140736K
  class space    used 13047K, capacity 13938K, committed 14000K, reserved 1048576K
Event: 1537.271 GC heap after
Heap after GC invocations=27 (full 5):
 PSYoungGen      total 440832K, used 52180K [0x00000000d5580000, 0x00000000f5780000, 0x0000000100000000)
  eden space 361472K, 0% used [0x00000000d5580000,0x00000000d5580000,0x00000000eb680000)
  from space 79360K, 65% used [0x00000000f0780000,0x00000000f3a75310,0x00000000f5500000)
  to   space 82432K, 0% used [0x00000000eb680000,0x00000000eb680000,0x00000000f0700000)
 ParOldGen       total 187392K, used 113610K [0x0000000080000000, 0x000000008b700000, 0x00000000d5580000)
  object space 187392K, 60% used [0x0000000080000000,0x0000000086ef2b58,0x000000008b700000)
 Metaspace       used 99726K, capacity 104446K, committed 104600K, reserved 1140736K
  class space    used 13047K, capacity 13938K, committed 14000K, reserved 1048576K
}
Event: 1926.935 GC heap before
{Heap before GC invocations=28 (full 5):
 PSYoungGen      total 440832K, used 413652K [0x00000000d5580000, 0x00000000f5780000, 0x0000000100000000)
  eden space 361472K, 100% used [0x00000000d5580000,0x00000000eb680000,0x00000000eb680000)
  from space 79360K, 65% used [0x00000000f0780000,0x00000000f3a75310,0x00000000f5500000)
  to   space 82432K, 0% used [0x00000000eb680000,0x00000000eb680000,0x00000000f0700000)
 ParOldGen       total 187392K, used 113610K [0x0000000080000000, 0x000000008b700000, 0x00000000d5580000)
  object space 187392K, 60% used [0x0000000080000000,0x0000000086ef2b58,0x000000008b700000)
 Metaspace       used 99823K, capacity 104594K, committed 104856K, reserved 1140736K
  class space    used 13054K, capacity 13950K, committed 14000K, reserved 1048576K
Event: 1934.370 GC heap after
Heap after GC invocations=28 (full 5):
 PSYoungGen      total 443904K, used 10143K [0x00000000d5580000, 0x00000000fc500000, 0x0000000100000000)
  eden space 361472K, 0% used [0x00000000d5580000,0x00000000d5580000,0x00000000eb680000)
  from space 82432K, 12% used [0x00000000eb680000,0x00000000ec067c68,0x00000000f0700000)
  to   space 81408K, 0% used [0x00000000f7580000,0x00000000f7580000,0x00000000fc500000)
 ParOldGen       total 187392K, used 114498K [0x0000000080000000, 0x000000008b700000, 0x00000000d5580000)
  object space 187392K, 61% used [0x0000000080000000,0x0000000086fd0be8,0x000000008b700000)
 Metaspace       used 99823K, capacity 104594K, committed 104856K, reserved 1140736K
  class space    used 13054K, capacity 13950K, committed 14000K, reserved 1048576K
}
Event: 2141.929 GC heap before
{Heap before GC invocations=29 (full 5):
 PSYoungGen      total 443904K, used 371546K [0x00000000d5580000, 0x00000000fc500000, 0x0000000100000000)
  eden space 361472K, 99% used [0x00000000d5580000,0x00000000eb66ef48,0x00000000eb680000)
  from space 82432K, 12% used [0x00000000eb680000,0x00000000ec067c68,0x00000000f0700000)
  to   space 81408K, 0% used [0x00000000f7580000,0x00000000f7580000,0x00000000fc500000)
 ParOldGen       total 187392K, used 114498K [0x0000000080000000, 0x000000008b700000, 0x00000000d5580000)
  object space 187392K, 61% used [0x0000000080000000,0x0000000086fd0be8,0x000000008b700000)
 Metaspace       used 100008K, capacity 104884K, committed 105112K, reserved 1140736K
  class space    used 13062K, capacity 13965K, committed 14000K, reserved 1048576K
Event: 2144.636 GC heap after
Heap after GC invocations=29 (full 5):
 PSYoungGen      total 537600K, used 81393K [0x00000000d5580000, 0x00000000fe580000, 0x0000000100000000)
  eden space 456192K, 0% used [0x00000000d5580000,0x00000000d5580000,0x00000000f1300000)
  from space 81408K, 99% used [0x00000000f7580000,0x00000000fc4fc788,0x00000000fc500000)
  to   space 100864K, 0% used [0x00000000f1300000,0x00000000f1300000,0x00000000f7580000)
 ParOldGen       total 187392K, used 129282K [0x0000000080000000, 0x000000008b700000, 0x00000000d5580000)
  object space 187392K, 68% used [0x0000000080000000,0x0000000087e40ac8,0x000000008b700000)
 Metaspace       used 100008K, capacity 104884K, committed 105112K, reserved 1140736K
  class space    used 13062K, capacity 13965K, committed 14000K, reserved 1048576K
}

