# JRE version: OpenJDK Runtime Environment (8.0_242-b01) (build 1.8.0_242-release-1644-b01)
# Java VM: OpenJDK 64-Bit Server VM (25.242-b01 mixed mode windows-amd64 compressed oops)
Heap:
 PSYoungGen      total 202240K, used 79414K [0x00000000d5580000, 0x00000000e6800000, 0x0000000100000000)
  eden space 131584K, 35% used [0x00000000d5580000,0x00000000d8375830,0x00000000dd600000)
  from space 70656K, 45% used [0x00000000e2300000,0x00000000e42980a0,0x00000000e6800000)
  to   space 74752K, 0% used [0x00000000dd600000,0x00000000dd600000,0x00000000e1f00000)
 ParOldGen       total 147456K, used 105776K [0x0000000080000000, 0x0000000089000000, 0x00000000d5580000)
  object space 147456K, 71% used [0x0000000080000000,0x000000008674c098,0x0000000089000000)
 Metaspace       used 98089K, capacity 102218K, committed 102424K, reserved 1138688K
  class space    used 12758K, capacity 13542K, committed 13616K, reserved 1048576K
GC Heap History (10 events):
Event: 895.166 GC heap before
{Heap before GC invocations=26 (full 4):
 PSYoungGen      total 153088K, used 36087K [0x00000000d5580000, 0x00000000e2d00000, 0x0000000100000000)
  eden space 115712K, 0% used [0x00000000d5580000,0x00000000d5580000,0x00000000dc680000)
  from space 37376K, 96% used [0x00000000df080000,0x00000000e13bdf40,0x00000000e1500000)
  to   space 43008K, 0% used [0x00000000dc680000,0x00000000dc680000,0x00000000df080000)
 ParOldGen       total 86528K, used 60283K [0x0000000080000000, 0x0000000085480000, 0x00000000d5580000)
  object space 86528K, 69% used [0x0000000080000000,0x0000000083aded50,0x0000000085480000)
 Metaspace       used 94282K, capacity 98340K, committed 98584K, reserved 1134592K
  class space    used 12292K, capacity 13083K, committed 13104K, reserved 1048576K
Event: 905.621 GC heap after
Heap after GC invocations=26 (full 4):
 PSYoungGen      total 153088K, used 0K [0x00000000d5580000, 0x00000000e2d00000, 0x0000000100000000)
  eden space 115712K, 0% used [0x00000000d5580000,0x00000000d5580000,0x00000000dc680000)
  from space 37376K, 0% used [0x00000000df080000,0x00000000df080000,0x00000000e1500000)
  to   space 43008K, 0% used [0x00000000dc680000,0x00000000dc680000,0x00000000df080000)
 ParOldGen       total 147456K, used 72804K [0x0000000080000000, 0x0000000089000000, 0x00000000d5580000)
  object space 147456K, 49% used [0x0000000080000000,0x0000000084719030,0x0000000089000000)
 Metaspace       used 94179K, capacity 98050K, committed 98584K, reserved 1134592K
  class space    used 12259K, capacity 13024K, committed 13104K, reserved 1048576K
}
Event: 915.340 GC heap before
{Heap before GC invocations=27 (full 4):
 PSYoungGen      total 153088K, used 115712K [0x00000000d5580000, 0x00000000e2d00000, 0x0000000100000000)
  eden space 115712K, 100% used [0x00000000d5580000,0x00000000dc680000,0x00000000dc680000)
  from space 37376K, 0% used [0x00000000df080000,0x00000000df080000,0x00000000e1500000)
  to   space 43008K, 0% used [0x00000000dc680000,0x00000000dc680000,0x00000000df080000)
 ParOldGen       total 147456K, used 72804K [0x0000000080000000, 0x0000000089000000, 0x00000000d5580000)
  object space 147456K, 49% used [0x0000000080000000,0x0000000084719030,0x0000000089000000)
 Metaspace       used 95285K, capacity 99388K, committed 99736K, reserved 1136640K
  class space    used 12338K, capacity 13137K, committed 13232K, reserved 1048576K
Event: 915.473 GC heap after
Heap after GC invocations=27 (full 4):
 PSYoungGen      total 158720K, used 37481K [0x00000000d5580000, 0x00000000e3080000, 0x0000000100000000)
  eden space 115712K, 0% used [0x00000000d5580000,0x00000000d5580000,0x00000000dc680000)
  from space 43008K, 87% used [0x00000000dc680000,0x00000000deb1a7e8,0x00000000df080000)
  to   space 47616K, 0% used [0x00000000e0200000,0x00000000e0200000,0x00000000e3080000)
 ParOldGen       total 147456K, used 72804K [0x0000000080000000, 0x0000000089000000, 0x00000000d5580000)
  object space 147456K, 49% used [0x0000000080000000,0x0000000084719030,0x0000000089000000)
 Metaspace       used 95285K, capacity 99388K, committed 99736K, reserved 1136640K
  class space    used 12338K, capacity 13137K, committed 13232K, reserved 1048576K
}
Event: 923.202 GC heap before
{Heap before GC invocations=28 (full 4):
 PSYoungGen      total 158720K, used 153193K [0x00000000d5580000, 0x00000000e3080000, 0x0000000100000000)
  eden space 115712K, 100% used [0x00000000d5580000,0x00000000dc680000,0x00000000dc680000)
  from space 43008K, 87% used [0x00000000dc680000,0x00000000deb1a7e8,0x00000000df080000)
  to   space 47616K, 0% used [0x00000000e0200000,0x00000000e0200000,0x00000000e3080000)
 ParOldGen       total 147456K, used 72804K [0x0000000080000000, 0x0000000089000000, 0x00000000d5580000)
  object space 147456K, 49% used [0x0000000080000000,0x0000000084719030,0x0000000089000000)
 Metaspace       used 96095K, capacity 100264K, committed 100376K, reserved 1136640K
  class space    used 12467K, capacity 13281K, committed 13360K, reserved 1048576K
Event: 923.729 GC heap after
Heap after GC invocations=28 (full 4):
 PSYoungGen      total 156672K, used 47601K [0x00000000d5580000, 0x00000000e6580000, 0x0000000100000000)
  eden space 109056K, 0% used [0x00000000d5580000,0x00000000d5580000,0x00000000dc000000)
  from space 47616K, 99% used [0x00000000e0200000,0x00000000e307c500,0x00000000e3080000)
  to   space 67584K, 0% used [0x00000000dc000000,0x00000000dc000000,0x00000000e0200000)
 ParOldGen       total 147456K, used 105576K [0x0000000080000000, 0x0000000089000000, 0x00000000d5580000)
  object space 147456K, 71% used [0x0000000080000000,0x000000008671a098,0x0000000089000000)
 Metaspace       used 96095K, capacity 100264K, committed 100376K, reserved 1136640K
  class space    used 12467K, capacity 13281K, committed 13360K, reserved 1048576K
}
Event: 930.044 GC heap before
{Heap before GC invocations=29 (full 4):
 PSYoungGen      total 156672K, used 156657K [0x00000000d5580000, 0x00000000e6580000, 0x0000000100000000)
  eden space 109056K, 100% used [0x00000000d5580000,0x00000000dc000000,0x00000000dc000000)
  from space 47616K, 99% used [0x00000000e0200000,0x00000000e307c500,0x00000000e3080000)
  to   space 67584K, 0% used [0x00000000dc000000,0x00000000dc000000,0x00000000e0200000)
 ParOldGen       total 147456K, used 105576K [0x0000000080000000, 0x0000000089000000, 0x00000000d5580000)
  object space 147456K, 71% used [0x0000000080000000,0x000000008671a098,0x0000000089000000)
 Metaspace       used 96128K, capacity 100268K, committed 100376K, reserved 1136640K
  class space    used 12467K, capacity 13281K, committed 13360K, reserved 1048576K
Event: 930.468 GC heap after
Heap after GC invocations=29 (full 4):
 PSYoungGen      total 176640K, used 67578K [0x00000000d5580000, 0x00000000e7000000, 0x0000000100000000)
  eden space 109056K, 0% used [0x00000000d5580000,0x00000000d5580000,0x00000000dc000000)
  from space 67584K, 99% used [0x00000000dc000000,0x00000000e01feb38,0x00000000e0200000)
  to   space 78848K, 0% used [0x00000000e2300000,0x00000000e2300000,0x00000000e7000000)
 ParOldGen       total 147456K, used 105776K [0x0000000080000000, 0x0000000089000000, 0x00000000d5580000)
  object space 147456K, 71% used [0x0000000080000000,0x000000008674c098,0x0000000089000000)
 Metaspace       used 96128K, capacity 100268K, committed 100376K, reserved 1136640K
  class space    used 12467K, capacity 13281K, committed 13360K, reserved 1048576K
}
Event: 938.232 GC heap before
{Heap before GC invocations=30 (full 4):
 PSYoungGen      total 176640K, used 174447K [0x00000000d5580000, 0x00000000e7000000, 0x0000000100000000)
  eden space 109056K, 97% used [0x00000000d5580000,0x00000000dbddd248,0x00000000dc000000)
  from space 67584K, 99% used [0x00000000dc000000,0x00000000e01feb38,0x00000000e0200000)
  to   space 78848K, 0% used [0x00000000e2300000,0x00000000e2300000,0x00000000e7000000)
 ParOldGen       total 147456K, used 105776K [0x0000000080000000, 0x0000000089000000, 0x00000000d5580000)
  object space 147456K, 71% used [0x0000000080000000,0x000000008674c098,0x0000000089000000)
 Metaspace       used 97059K, capacity 101258K, committed 101528K, reserved 1136640K
  class space    used 12580K, capacity 13422K, committed 13488K, reserved 1048576K
Event: 938.476 GC heap after
Heap after GC invocations=30 (full 4):
 PSYoungGen      total 202240K, used 32352K [0x00000000d5580000, 0x00000000e6800000, 0x0000000100000000)
  eden space 131584K, 0% used [0x00000000d5580000,0x00000000d5580000,0x00000000dd600000)
  from space 70656K, 45% used [0x00000000e2300000,0x00000000e42980a0,0x00000000e6800000)
  to   space 74752K, 0% used [0x00000000dd600000,0x00000000dd600000,0x00000000e1f00000)
 ParOldGen       total 147456K, used 105776K [0x0000000080000000, 0x0000000089000000, 0x00000000d5580000)
  object space 147456K, 71% used [0x0000000080000000,0x000000008674c098,0x0000000089000000)
 Metaspace       used 97059K, capacity 101258K, committed 101528K, reserved 1136640K
  class space    used 12580K, capacity 13422K, committed 13488K, reserved 1048576K
}

