# JRE version: OpenJDK Runtime Environment (8.0_242-b01) (build 1.8.0_242-release-1644-b01)
# Java VM: OpenJDK 64-Bit Server VM (25.242-b01 mixed mode windows-amd64 compressed oops)
Heap:
 PSYoungGen      total 20992K, used 3133K [0x00000000ee780000, 0x00000000f0280000, 0x0000000100000000)
  eden space 14336K, 21% used [0x00000000ee780000,0x00000000eea8f708,0x00000000ef580000)
  from space 6656K, 0% used [0x00000000efc00000,0x00000000efc00000,0x00000000f0280000)
  to   space 6656K, 0% used [0x00000000ef580000,0x00000000ef580000,0x00000000efc00000)
 ParOldGen       total 36864K, used 13614K [0x00000000cb600000, 0x00000000cda00000, 0x00000000ee780000)
  object space 36864K, 36% used [0x00000000cb600000,0x00000000cc34bbc8,0x00000000cda00000)
 Metaspace       used 21919K, capacity 22360K, committed 22576K, reserved 1069056K
  class space    used 2614K, capacity 2766K, committed 2864K, reserved 1048576K
GC Heap History (10 events):
Event: 9.582 GC heap before
{Heap before GC invocations=3 (full 0):
 PSYoungGen      total 16384K, used 16375K [0x00000000ee780000, 0x00000000ef980000, 0x0000000100000000)
  eden space 14336K, 100% used [0x00000000ee780000,0x00000000ef580000,0x00000000ef580000)
  from space 2048K, 99% used [0x00000000ef780000,0x00000000ef97ddd8,0x00000000ef980000)
  to   space 2048K, 0% used [0x00000000ef580000,0x00000000ef580000,0x00000000ef780000)
 ParOldGen       total 36864K, used 3741K [0x00000000cb600000, 0x00000000cda00000, 0x00000000ee780000)
  object space 36864K, 10% used [0x00000000cb600000,0x00000000cb9a7680,0x00000000cda00000)
 Metaspace       used 11306K, capacity 11506K, committed 11648K, reserved 1058816K
  class space    used 1232K, capacity 1317K, committed 1408K, reserved 1048576K
Event: 9.601 GC heap after
Heap after GC invocations=3 (full 0):
 PSYoungGen      total 16384K, used 2027K [0x00000000ee780000, 0x00000000ef980000, 0x0000000100000000)
  eden space 14336K, 0% used [0x00000000ee780000,0x00000000ee780000,0x00000000ef580000)
  from space 2048K, 98% used [0x00000000ef580000,0x00000000ef77ac98,0x00000000ef780000)
  to   space 2048K, 0% used [0x00000000ef780000,0x00000000ef780000,0x00000000ef980000)
 ParOldGen       total 36864K, used 7123K [0x00000000cb600000, 0x00000000cda00000, 0x00000000ee780000)
  object space 36864K, 19% used [0x00000000cb600000,0x00000000cbcf4f58,0x00000000cda00000)
 Metaspace       used 11306K, capacity 11506K, committed 11648K, reserved 1058816K
  class space    used 1232K, capacity 1317K, committed 1408K, reserved 1048576K
}
Event: 11.878 GC heap before
{Heap before GC invocations=4 (full 0):
 PSYoungGen      total 16384K, used 16363K [0x00000000ee780000, 0x00000000ef980000, 0x0000000100000000)
  eden space 14336K, 100% used [0x00000000ee780000,0x00000000ef580000,0x00000000ef580000)
  from space 2048K, 98% used [0x00000000ef580000,0x00000000ef77ac98,0x00000000ef780000)
  to   space 2048K, 0% used [0x00000000ef780000,0x00000000ef780000,0x00000000ef980000)
 ParOldGen       total 36864K, used 7123K [0x00000000cb600000, 0x00000000cda00000, 0x00000000ee780000)
  object space 36864K, 19% used [0x00000000cb600000,0x00000000cbcf4f58,0x00000000cda00000)
 Metaspace       used 14170K, capacity 14444K, committed 14592K, reserved 1062912K
  class space    used 1641K, capacity 1732K, committed 1792K, reserved 1048576K
Event: 11.897 GC heap after
Heap after GC invocations=4 (full 0):
 PSYoungGen      total 16384K, used 2032K [0x00000000ee780000, 0x00000000ef980000, 0x0000000100000000)
  eden space 14336K, 0% used [0x00000000ee780000,0x00000000ee780000,0x00000000ef580000)
  from space 2048K, 99% used [0x00000000ef780000,0x00000000ef97c0b8,0x00000000ef980000)
  to   space 2048K, 0% used [0x00000000ef580000,0x00000000ef580000,0x00000000ef780000)
 ParOldGen       total 36864K, used 10486K [0x00000000cb600000, 0x00000000cda00000, 0x00000000ee780000)
  object space 36864K, 28% used [0x00000000cb600000,0x00000000cc03d810,0x00000000cda00000)
 Metaspace       used 14170K, capacity 14444K, committed 14592K, reserved 1062912K
  class space    used 1641K, capacity 1732K, committed 1792K, reserved 1048576K
}
Event: 13.485 GC heap before
{Heap before GC invocations=5 (full 0):
 PSYoungGen      total 16384K, used 16368K [0x00000000ee780000, 0x00000000ef980000, 0x0000000100000000)
  eden space 14336K, 100% used [0x00000000ee780000,0x00000000ef580000,0x00000000ef580000)
  from space 2048K, 99% used [0x00000000ef780000,0x00000000ef97c0b8,0x00000000ef980000)
  to   space 2048K, 0% used [0x00000000ef580000,0x00000000ef580000,0x00000000ef780000)
 ParOldGen       total 36864K, used 10486K [0x00000000cb600000, 0x00000000cda00000, 0x00000000ee780000)
  object space 36864K, 28% used [0x00000000cb600000,0x00000000cc03d810,0x00000000cda00000)
 Metaspace       used 17882K, capacity 18246K, committed 18432K, reserved 1064960K
  class space    used 2073K, capacity 2189K, committed 2304K, reserved 1048576K
Event: 13.500 GC heap after
Heap after GC invocations=5 (full 0):
 PSYoungGen      total 16384K, used 2027K [0x00000000ee780000, 0x00000000f0280000, 0x0000000100000000)
  eden space 14336K, 0% used [0x00000000ee780000,0x00000000ee780000,0x00000000ef580000)
  from space 2048K, 98% used [0x00000000ef580000,0x00000000ef77ac98,0x00000000ef780000)
  to   space 6656K, 0% used [0x00000000efc00000,0x00000000efc00000,0x00000000f0280000)
 ParOldGen       total 36864K, used 13823K [0x00000000cb600000, 0x00000000cda00000, 0x00000000ee780000)
  object space 36864K, 37% used [0x00000000cb600000,0x00000000cc37fc88,0x00000000cda00000)
 Metaspace       used 17882K, capacity 18246K, committed 18432K, reserved 1064960K
  class space    used 2073K, capacity 2189K, committed 2304K, reserved 1048576K
}
Event: 15.636 GC heap before
{Heap before GC invocations=6 (full 0):
 PSYoungGen      total 16384K, used 14206K [0x00000000ee780000, 0x00000000f0280000, 0x0000000100000000)
  eden space 14336K, 84% used [0x00000000ee780000,0x00000000ef364e80,0x00000000ef580000)
  from space 2048K, 98% used [0x00000000ef580000,0x00000000ef77ac98,0x00000000ef780000)
  to   space 6656K, 0% used [0x00000000efc00000,0x00000000efc00000,0x00000000f0280000)
 ParOldGen       total 36864K, used 13823K [0x00000000cb600000, 0x00000000cda00000, 0x00000000ee780000)
  object space 36864K, 37% used [0x00000000cb600000,0x00000000cc37fc88,0x00000000cda00000)
 Metaspace       used 20838K, capacity 21252K, committed 21296K, reserved 1069056K
  class space    used 2448K, capacity 2592K, committed 2608K, reserved 1048576K
Event: 15.657 GC heap after
Heap after GC invocations=6 (full 0):
 PSYoungGen      total 20992K, used 5056K [0x00000000ee780000, 0x00000000f0280000, 0x0000000100000000)
  eden space 14336K, 0% used [0x00000000ee780000,0x00000000ee780000,0x00000000ef580000)
  from space 6656K, 75% used [0x00000000efc00000,0x00000000f00f0068,0x00000000f0280000)
  to   space 6656K, 0% used [0x00000000ef580000,0x00000000ef580000,0x00000000efc00000)
 ParOldGen       total 36864K, used 13823K [0x00000000cb600000, 0x00000000cda00000, 0x00000000ee780000)
  object space 36864K, 37% used [0x00000000cb600000,0x00000000cc37fc88,0x00000000cda00000)
 Metaspace       used 20838K, capacity 21252K, committed 21296K, reserved 1069056K
  class space    used 2448K, capacity 2592K, committed 2608K, reserved 1048576K
}
Event: 15.657 GC heap before
{Heap before GC invocations=7 (full 1):
 PSYoungGen      total 20992K, used 5056K [0x00000000ee780000, 0x00000000f0280000, 0x0000000100000000)
  eden space 14336K, 0% used [0x00000000ee780000,0x00000000ee780000,0x00000000ef580000)
  from space 6656K, 75% used [0x00000000efc00000,0x00000000f00f0068,0x00000000f0280000)
  to   space 6656K, 0% used [0x00000000ef580000,0x00000000ef580000,0x00000000efc00000)
 ParOldGen       total 36864K, used 13823K [0x00000000cb600000, 0x00000000cda00000, 0x00000000ee780000)
  object space 36864K, 37% used [0x00000000cb600000,0x00000000cc37fc88,0x00000000cda00000)
 Metaspace       used 20838K, capacity 21252K, committed 21296K, reserved 1069056K
  class space    used 2448K, capacity 2592K, committed 2608K, reserved 1048576K
Event: 15.835 GC heap after
Heap after GC invocations=7 (full 1):
 PSYoungGen      total 20992K, used 0K [0x00000000ee780000, 0x00000000f0280000, 0x0000000100000000)
  eden space 14336K, 0% used [0x00000000ee780000,0x00000000ee780000,0x00000000ef580000)
  from space 6656K, 0% used [0x00000000efc00000,0x00000000efc00000,0x00000000f0280000)
  to   space 6656K, 0% used [0x00000000ef580000,0x00000000ef580000,0x00000000efc00000)
 ParOldGen       total 36864K, used 13614K [0x00000000cb600000, 0x00000000cda00000, 0x00000000ee780000)
  object space 36864K, 36% used [0x00000000cb600000,0x00000000cc34bbc8,0x00000000cda00000)
 Metaspace       used 20838K, capacity 21252K, committed 21296K, reserved 1069056K
  class space    used 2448K, capacity 2592K, committed 2608K, reserved 1048576K
}

