# JRE version: OpenJDK Runtime Environment (8.0_242-b01) (build 1.8.0_242-release-1644-b01)
# Java VM: OpenJDK 64-Bit Server VM (25.242-b01 mixed mode windows-amd64 compressed oops)
Heap:
 PSYoungGen      total 16384K, used 14362K [0x00000000ee780000, 0x00000000f0780000, 0x0000000100000000)
  eden space 14336K, 85% used [0x00000000ee780000,0x00000000ef386f48,0x00000000ef580000)
  from space 2048K, 99% used [0x00000000f0580000,0x00000000f077fa00,0x00000000f0780000)
  to   space 2048K, 0% used [0x00000000ef580000,0x00000000ef580000,0x00000000ef780000)
 ParOldGen       total 36864K, used 3664K [0x00000000cb600000, 0x00000000cda00000, 0x00000000ee780000)
  object space 36864K, 9% used [0x00000000cb600000,0x00000000cb9940c0,0x00000000cda00000)
 Metaspace       used 10938K, capacity 11068K, committed 11264K, reserved 1058816K
  class space    used 1187K, capacity 1244K, committed 1280K, reserved 1048576K
GC Heap History (4 events):
Event: 12.888 GC heap before
{Heap before GC invocations=1 (full 0):
 PSYoungGen      total 16384K, used 14336K [0x00000000ee780000, 0x00000000ef980000, 0x0000000100000000)
  eden space 14336K, 100% used [0x00000000ee780000,0x00000000ef580000,0x00000000ef580000)
  from space 2048K, 0% used [0x00000000ef780000,0x00000000ef780000,0x00000000ef980000)
  to   space 2048K, 0% used [0x00000000ef580000,0x00000000ef580000,0x00000000ef780000)
 ParOldGen       total 36864K, used 0K [0x00000000cb600000, 0x00000000cda00000, 0x00000000ee780000)
  object space 36864K, 0% used [0x00000000cb600000,0x00000000cb600000,0x00000000cda00000)
 Metaspace       used 6847K, capacity 7276K, committed 7424K, reserved 1056768K
  class space    used 673K, capacity 732K, committed 768K, reserved 1048576K
Event: 13.065 GC heap after
Heap after GC invocations=1 (full 0):
 PSYoungGen      total 16384K, used 2027K [0x00000000ee780000, 0x00000000f0780000, 0x0000000100000000)
  eden space 14336K, 0% used [0x00000000ee780000,0x00000000ee780000,0x00000000ef580000)
  from space 2048K, 99% used [0x00000000ef580000,0x00000000ef77aea8,0x00000000ef780000)
  to   space 2048K, 0% used [0x00000000f0580000,0x00000000f0580000,0x00000000f0780000)
 ParOldGen       total 36864K, used 1241K [0x00000000cb600000, 0x00000000cda00000, 0x00000000ee780000)
  object space 36864K, 3% used [0x00000000cb600000,0x00000000cb736670,0x00000000cda00000)
 Metaspace       used 6847K, capacity 7276K, committed 7424K, reserved 1056768K
  class space    used 673K, capacity 732K, committed 768K, reserved 1048576K
}
Event: 16.720 GC heap before
{Heap before GC invocations=2 (full 0):
 PSYoungGen      total 16384K, used 16363K [0x00000000ee780000, 0x00000000f0780000, 0x0000000100000000)
  eden space 14336K, 100% used [0x00000000ee780000,0x00000000ef580000,0x00000000ef580000)
  from space 2048K, 99% used [0x00000000ef580000,0x00000000ef77aea8,0x00000000ef780000)
  to   space 2048K, 0% used [0x00000000f0580000,0x00000000f0580000,0x00000000f0780000)
 ParOldGen       total 36864K, used 1241K [0x00000000cb600000, 0x00000000cda00000, 0x00000000ee780000)
  object space 36864K, 3% used [0x00000000cb600000,0x00000000cb736670,0x00000000cda00000)
 Metaspace       used 9482K, capacity 9624K, committed 9856K, reserved 1058816K
  class space    used 1017K, capacity 1084K, committed 1152K, reserved 1048576K
Event: 16.732 GC heap after
Heap after GC invocations=2 (full 0):
 PSYoungGen      total 16384K, used 2046K [0x00000000ee780000, 0x00000000f0780000, 0x0000000100000000)
  eden space 14336K, 0% used [0x00000000ee780000,0x00000000ee780000,0x00000000ef580000)
  from space 2048K, 99% used [0x00000000f0580000,0x00000000f077fa00,0x00000000f0780000)
  to   space 2048K, 0% used [0x00000000ef580000,0x00000000ef580000,0x00000000ef780000)
 ParOldGen       total 36864K, used 3664K [0x00000000cb600000, 0x00000000cda00000, 0x00000000ee780000)
  object space 36864K, 9% used [0x00000000cb600000,0x00000000cb9940c0,0x00000000cda00000)
 Metaspace       used 9482K, capacity 9624K, committed 9856K, reserved 1058816K
  class space    used 1017K, capacity 1084K, committed 1152K, reserved 1048576K
}

